2025-09-09 19:46:43,817 [INFO] Activator:176 - 


2025-09-09 19:46:43,819 [INFO] Activator:177 - !SESSION log4j initialized
2025-09-09 19:46:47,367 [INFO] LogOutputStream:77 - [STDOUT_REDIRECT] 
2025-09-09 19:46:54,242 [INFO] ApplicationProperties:184 - Using Application install path: C:\ST\STM32CubeIDE_1.16.1\STM32CubeIDE\plugins\com.st.stm32cube.common.mx_6.12.1.202409122256
2025-09-09 19:46:54,259 [INFO] DbMcusXml:78 - Set database path to: C:\ST\STM32CubeIDE_1.16.1\STM32CubeIDE\plugins\com.st.stm32cube.common.mx_6.12.1.202409122256\\db\/mcu/
2025-09-09 19:46:54,260 [INFO] ApiDb:274 - Set plugin database path to: C:\ST\STM32CubeIDE_1.16.1\STM32CubeIDE\plugins\com.st.stm32cube.common.mx_6.12.1.202409122256\\db\/plugins/boardmanager/
2025-09-09 19:46:54,262 [WARN] ApiDb:259 - Overriding images path with different value:  => C:\ST\STM32CubeIDE_1.16.1\STM32CubeIDE\plugins\com.st.stm32cube.common.mx_6.12.1.202409122256\\db\/plugins/mcufinder/images/
2025-09-09 19:46:54,269 [INFO] ApiDb:250 - Set database path to: C:\Users\wikto\.stmcufinder\plugins\mcufinder//mcu/
2025-09-09 19:46:54,270 [INFO] DbMcusAds:125 - Set database path to: C:\Users\wikto\.stmcufinder\plugins\mcufinder//mcu/
2025-09-09 19:46:54,273 [INFO] CrossReferenceDbSqlite:203 - Set database path to: C:\Users\wikto\.stmcufinder\plugins\mcufinder//mcu/cs/
2025-09-09 19:46:54,391 [INFO] RulesReader:64 - Compatibility file has been processed (297 Rules)
2025-09-09 19:46:54,526 [INFO] DbMcusXml:78 - Set database path to: C:\ST\STM32CubeIDE_1.16.1\STM32CubeIDE\plugins\com.st.stm32cube.common.mx_6.12.1.202409122256\\db\/mcu/
2025-09-09 19:46:54,527 [INFO] ApiDb:274 - Set plugin database path to: C:\ST\STM32CubeIDE_1.16.1\STM32CubeIDE\plugins\com.st.stm32cube.common.mx_6.12.1.202409122256\\db\/plugins/boardmanager/
2025-09-09 19:46:54,527 [INFO] ApiDb:261 - Set plugin images path to: C:\ST\STM32CubeIDE_1.16.1\STM32CubeIDE\plugins\com.st.stm32cube.common.mx_6.12.1.202409122256\\db\/plugins/mcufinder/images/
2025-09-09 19:46:54,527 [WARN] DbFile:41 - Overriding database path with different value: C:\Users\wikto\.stmcufinder\plugins\mcufinder/ => C:\Users\wikto\.stmcufinder\plugins\mcufinder
2025-09-09 19:46:54,527 [INFO] ApiDb:250 - Set database path to: C:\Users\wikto\.stmcufinder\plugins\mcufinder//mcu/
2025-09-09 19:46:54,527 [WARN] DbFile:41 - Overriding database path with different value: C:\Users\wikto\.stmcufinder\plugins\mcufinder/ => C:\Users\wikto\.stmcufinder\plugins\mcufinder
2025-09-09 19:46:54,527 [INFO] DbMcusAds:125 - Set database path to: C:\Users\wikto\.stmcufinder\plugins\mcufinder//mcu/
2025-09-09 19:46:54,527 [WARN] DbFile:41 - Overriding database path with different value: C:\Users\wikto\.stmcufinder\plugins\mcufinder/ => C:\Users\wikto\.stmcufinder\plugins\mcufinder
2025-09-09 19:46:54,528 [WARN] DbFile:41 - Overriding database path with different value: C:\Users\wikto\.stmcufinder\plugins\mcufinder/ => C:\Users\wikto\.stmcufinder\plugins\mcufinder
2025-09-09 19:46:54,528 [INFO] CrossReferenceDbSqlite:203 - Set database path to: C:\Users\wikto\.stmcufinder\plugins\mcufinder//mcu/cs/
2025-09-09 19:46:54,643 [INFO] MainPanel:268 - HeapMemory: 268435456
2025-09-09 19:46:54,725 [INFO] DbMcusXml:78 - Set database path to: C:\ST\STM32CubeIDE_1.16.1\STM32CubeIDE\plugins\com.st.stm32cube.common.mx_6.12.1.202409122256\\db\/mcu/
2025-09-09 19:46:54,725 [INFO] ApiDb:274 - Set plugin database path to: C:\ST\STM32CubeIDE_1.16.1\STM32CubeIDE\plugins\com.st.stm32cube.common.mx_6.12.1.202409122256\\db\/plugins/boardmanager/
2025-09-09 19:46:54,725 [INFO] ApiDb:261 - Set plugin images path to: C:\ST\STM32CubeIDE_1.16.1\STM32CubeIDE\plugins\com.st.stm32cube.common.mx_6.12.1.202409122256\\db\/plugins/mcufinder/images/
2025-09-09 19:46:54,725 [WARN] DbFile:41 - Overriding database path with different value: C:\Users\wikto\.stmcufinder\plugins\mcufinder/ => C:\Users\wikto\.stmcufinder\plugins\mcufinder
2025-09-09 19:46:54,725 [INFO] ApiDb:250 - Set database path to: C:\Users\wikto\.stmcufinder\plugins\mcufinder//mcu/
2025-09-09 19:46:54,725 [WARN] DbFile:41 - Overriding database path with different value: C:\Users\wikto\.stmcufinder\plugins\mcufinder/ => C:\Users\wikto\.stmcufinder\plugins\mcufinder
2025-09-09 19:46:54,726 [INFO] DbMcusAds:125 - Set database path to: C:\Users\wikto\.stmcufinder\plugins\mcufinder//mcu/
2025-09-09 19:46:54,726 [WARN] DbFile:41 - Overriding database path with different value: C:\Users\wikto\.stmcufinder\plugins\mcufinder/ => C:\Users\wikto\.stmcufinder\plugins\mcufinder
2025-09-09 19:46:54,726 [WARN] DbFile:41 - Overriding database path with different value: C:\Users\wikto\.stmcufinder\plugins\mcufinder/ => C:\Users\wikto\.stmcufinder\plugins\mcufinder
2025-09-09 19:46:54,726 [INFO] CrossReferenceDbSqlite:203 - Set database path to: C:\Users\wikto\.stmcufinder\plugins\mcufinder//mcu/cs/
2025-09-09 19:46:54,774 [INFO] ApplicationProperties:184 - Using Application install path: C:\ST\STM32CubeIDE_1.16.1\STM32CubeIDE\plugins\com.st.stm32cube.common.mx_6.12.1.202409122256
2025-09-09 19:46:54,776 [INFO] PluginManage:196 - Search for loadable plugins [exclusion list=, ]
2025-09-09 19:46:54,778 [INFO] PluginManage:310 - Check plugin analytics
2025-09-09 19:46:59,582 [INFO] AnalyticsPlugin:253 - Accepted Software Licenses: 
2025-09-09 19:46:59,582 [INFO] AnalyticsPlugin:255 - Accepted CMSIS Pack Licenses: 
2025-09-09 19:46:59,583 [INFO] AnalyticsPlugin:257 - Accepted Firmware Licenses: FW.G4.1.6.0,FW.G4.1.5.0,FW.H7.1.11.0
2025-09-09 19:46:59,587 [INFO] PluginManage:359 - Loaded plugin analytics (category:tool,tabindex:-1)
2025-09-09 19:46:59,588 [INFO] PluginManage:310 - Check plugin cadmodel
2025-09-09 19:46:59,593 [INFO] CADModel:105 - Init CAD model plugin
2025-09-09 19:46:59,593 [INFO] PluginManage:359 - Loaded plugin cadmodel (category:power,tabindex:5)
2025-09-09 19:46:59,593 [INFO] PluginManage:310 - Check plugin clock
2025-09-09 19:46:59,604 [INFO] PluginManage:359 - Loaded plugin clock (category:base,tabindex:2)
2025-09-09 19:46:59,604 [INFO] PluginManage:310 - Check plugin ddr
2025-09-09 19:46:59,606 [INFO] PluginManage:359 - Loaded plugin ddr (category:tool,tabindex:6)
2025-09-09 19:46:59,607 [INFO] PluginManage:310 - Check plugin filemanager
2025-09-09 19:46:59,783 [INFO] PluginManage:359 - Loaded plugin filemanager (category:base,tabindex:10)
2025-09-09 19:46:59,783 [INFO] PluginManage:310 - Check plugin ipmanager
2025-09-09 19:46:59,794 [INFO] PluginManage:359 - Loaded plugin ipmanager (category:base,tabindex:5)
2025-09-09 19:46:59,794 [INFO] PluginManage:310 - Check plugin lpbam
2025-09-09 19:46:59,802 [INFO] PluginManage:359 - Loaded plugin lpbam (category:base,tabindex:0)
2025-09-09 19:46:59,802 [INFO] PluginManage:310 - Check plugin memorymap
2025-09-09 19:46:59,815 [INFO] PluginManage:359 - Loaded plugin memorymap (category:base,tabindex:4)
2025-09-09 19:46:59,816 [INFO] PluginManage:310 - Check plugin pinoutandconfiguration
2025-09-09 19:46:59,823 [INFO] PluginManage:359 - Loaded plugin pinoutandconfiguration (category:base,tabindex:1)
2025-09-09 19:46:59,823 [INFO] PluginManage:310 - Check plugin pinoutconfig
2025-09-09 19:46:59,968 [WARN] SupportedApi:132 - Cannot load RTOS API schema: s4s-elt-must-match.1: The content of 'definitions' must match (annotation?, (simpleType | complexType)?, (unique | key | keyref)*)). A problem was found starting at: attribute.
2025-09-09 19:47:00,114 [INFO] PluginManage:359 - Loaded plugin pinoutconfig (category:base,tabindex:0)
2025-09-09 19:47:00,115 [INFO] PluginManage:310 - Check plugin power
2025-09-09 19:47:00,123 [INFO] PluginManage:359 - Loaded plugin power (category:power,tabindex:4)
2025-09-09 19:47:00,123 [INFO] PluginManage:310 - Check plugin projectmanager
2025-09-09 19:47:00,143 [INFO] PluginManage:359 - Loaded plugin projectmanager (category:projectmanager,tabindex:4)
2025-09-09 19:47:00,143 [INFO] PluginManage:310 - Check plugin rif
2025-09-09 19:47:00,149 [INFO] PluginManage:359 - Loaded plugin rif (category:base,tabindex:3)
2025-09-09 19:47:00,149 [INFO] PluginManage:310 - Check plugin thirdparty
2025-09-09 19:47:00,287 [INFO] PluginManage:359 - Loaded plugin thirdparty (category:base,tabindex:-1)
2025-09-09 19:47:00,288 [INFO] PluginManage:310 - Check plugin tools
2025-09-09 19:47:00,291 [INFO] PluginManage:359 - Loaded plugin tools (category:base,tabindex:7)
2025-09-09 19:47:00,291 [INFO] PluginManage:310 - Check plugin tutovideos
2025-09-09 19:47:00,295 [WARN] IntegrityCheckThread:84 - waiting for thirdparty lock release [integrity check]
2025-09-09 19:47:00,296 [INFO] IntegrityCheckThread:86 - entering critical section [integrity check]
2025-09-09 19:47:00,297 [INFO] ThirdPartyUpdaterWithRetryManager:70 - Updater plugin not ready yet. [1/15]
2025-09-09 19:47:00,500 [INFO] PluginManage:359 - Loaded plugin tutovideos (category:base,tabindex:-1)
2025-09-09 19:47:00,500 [INFO] PluginManage:310 - Check plugin updater
2025-09-09 19:47:00,523 [INFO] PluginManage:359 - Loaded plugin updater (category:base,tabindex:12)
2025-09-09 19:47:00,523 [INFO] PluginManage:310 - Check plugin userauth
2025-09-09 19:47:00,529 [INFO] UserAuth:113 - Init User Auth plugin
2025-09-09 19:47:00,529 [INFO] PluginManage:359 - Loaded plugin userauth (category:base,tabindex:14)
2025-09-09 19:47:00,530 [INFO] PluginManage:283 - PluginManage : Loaded plugins [18]
2025-09-09 19:47:00,818 [INFO] PinOutPanel:1561 - setPackage(No Configuration,No Configuration)
2025-09-09 19:47:00,937 [INFO] CADModel:165 - CPN selected for project level
2025-09-09 19:47:00,937 [INFO] CADModel:114 - Register for checkConnection events
2025-09-09 19:47:00,953 [INFO] IPUIPlugin:80 - create IPUIPlugin
2025-09-09 19:47:00,954 [INFO] PluginManager:220 - loadIPPluginJar : add adc
2025-09-09 19:47:00,957 [INFO] IPUIPlugin:80 - create IPUIPlugin
2025-09-09 19:47:00,957 [INFO] PluginManager:220 - loadIPPluginJar : add aes
2025-09-09 19:47:00,960 [INFO] IPUIPlugin:80 - create IPUIPlugin
2025-09-09 19:47:00,960 [INFO] PluginManager:220 - loadIPPluginJar : add can
2025-09-09 19:47:00,962 [INFO] IPUIPlugin:80 - create IPUIPlugin
2025-09-09 19:47:00,962 [INFO] PluginManager:220 - loadIPPluginJar : add comp
2025-09-09 19:47:00,965 [INFO] IPUIPlugin:80 - create IPUIPlugin
2025-09-09 19:47:00,965 [INFO] PluginManager:220 - loadIPPluginJar : add cryp
2025-09-09 19:47:00,968 [INFO] IPUIPlugin:80 - create IPUIPlugin
2025-09-09 19:47:00,968 [INFO] PluginManager:220 - loadIPPluginJar : add ddr_ctrl_phy
2025-09-09 19:47:00,971 [INFO] IPUIPlugin:80 - create IPUIPlugin
2025-09-09 19:47:00,971 [INFO] PluginManager:220 - loadIPPluginJar : add dfsdm
2025-09-09 19:47:00,976 [INFO] IPUIPlugin:80 - create IPUIPlugin
2025-09-09 19:47:00,977 [INFO] PluginManager:220 - loadIPPluginJar : add dma
2025-09-09 19:47:00,979 [INFO] IPUIPlugin:80 - create IPUIPlugin
2025-09-09 19:47:00,980 [INFO] PluginManager:220 - loadIPPluginJar : add dma3
2025-09-09 19:47:00,983 [INFO] IPUIPlugin:80 - create IPUIPlugin
2025-09-09 19:47:00,983 [INFO] PluginManager:220 - loadIPPluginJar : add extmemmanager
2025-09-09 19:47:00,985 [INFO] IPUIPlugin:80 - create IPUIPlugin
2025-09-09 19:47:00,985 [INFO] PluginManager:220 - loadIPPluginJar : add fatfs
2025-09-09 19:47:00,991 [INFO] IPUIPlugin:80 - create IPUIPlugin
2025-09-09 19:47:00,992 [INFO] PluginManager:220 - loadIPPluginJar : add fmc
2025-09-09 19:47:00,997 [INFO] IPUIPlugin:80 - create IPUIPlugin
2025-09-09 19:47:00,998 [INFO] PluginManager:220 - loadIPPluginJar : add freertos
2025-09-09 19:47:00,999 [INFO] IPUIPlugin:80 - create IPUIPlugin
2025-09-09 19:47:00,999 [INFO] PluginManager:220 - loadIPPluginJar : add genericplugin
2025-09-09 19:47:01,002 [INFO] IPUIPlugin:80 - create IPUIPlugin
2025-09-09 19:47:01,002 [INFO] PluginManager:220 - loadIPPluginJar : add gfxmmu
2025-09-09 19:47:01,008 [INFO] IPUIPlugin:80 - create IPUIPlugin
2025-09-09 19:47:01,008 [INFO] PluginManager:220 - loadIPPluginJar : add gic
2025-09-09 19:47:01,013 [INFO] IPUIPlugin:80 - create IPUIPlugin
2025-09-09 19:47:01,013 [INFO] PluginManager:220 - loadIPPluginJar : add gpio
2025-09-09 19:47:01,016 [INFO] IPUIPlugin:80 - create IPUIPlugin
2025-09-09 19:47:01,016 [INFO] PluginManager:220 - loadIPPluginJar : add gtzc
2025-09-09 19:47:01,019 [INFO] IPUIPlugin:80 - create IPUIPlugin
2025-09-09 19:47:01,019 [INFO] PluginManager:220 - loadIPPluginJar : add hash
2025-09-09 19:47:01,023 [INFO] IPUIPlugin:80 - create IPUIPlugin
2025-09-09 19:47:01,023 [INFO] PluginManager:220 - loadIPPluginJar : add i2c
2025-09-09 19:47:01,026 [INFO] IPUIPlugin:80 - create IPUIPlugin
2025-09-09 19:47:01,026 [INFO] PluginManager:220 - loadIPPluginJar : add i2s
2025-09-09 19:47:01,029 [INFO] IPUIPlugin:80 - create IPUIPlugin
2025-09-09 19:47:01,029 [INFO] PluginManager:220 - loadIPPluginJar : add i3c
2025-09-09 19:47:01,033 [INFO] IPUIPlugin:80 - create IPUIPlugin
2025-09-09 19:47:01,033 [INFO] PluginManager:220 - loadIPPluginJar : add ipddr
2025-09-09 19:47:01,040 [INFO] IPUIPlugin:80 - create IPUIPlugin
2025-09-09 19:47:01,041 [INFO] PluginManager:220 - loadIPPluginJar : add linkedlist
2025-09-09 19:47:01,044 [INFO] IPUIPlugin:80 - create IPUIPlugin
2025-09-09 19:47:01,044 [INFO] PluginManager:220 - loadIPPluginJar : add lorawan
2025-09-09 19:47:01,046 [INFO] IPUIPlugin:80 - create IPUIPlugin
2025-09-09 19:47:01,046 [INFO] PluginManager:220 - loadIPPluginJar : add ltdc
2025-09-09 19:47:01,052 [INFO] IPUIPlugin:80 - create IPUIPlugin
2025-09-09 19:47:01,052 [INFO] PluginManager:220 - loadIPPluginJar : add mdma
2025-09-09 19:47:01,057 [INFO] IPUIPlugin:80 - create IPUIPlugin
2025-09-09 19:47:01,057 [INFO] PluginManager:220 - loadIPPluginJar : add nvic
2025-09-09 19:47:01,060 [INFO] IPUIPlugin:80 - create IPUIPlugin
2025-09-09 19:47:01,060 [INFO] PluginManager:220 - loadIPPluginJar : add opamp
2025-09-09 19:47:01,064 [INFO] IPUIPlugin:80 - create IPUIPlugin
2025-09-09 19:47:01,064 [INFO] PluginManager:220 - loadIPPluginJar : add openamp
2025-09-09 19:47:01,068 [INFO] IPUIPlugin:80 - create IPUIPlugin
2025-09-09 19:47:01,068 [INFO] PluginManager:220 - loadIPPluginJar : add pdm2pcm
2025-09-09 19:47:01,076 [INFO] IPUIPlugin:80 - create IPUIPlugin
2025-09-09 19:47:01,079 [INFO] PluginManager:220 - loadIPPluginJar : add plateformsettings
2025-09-09 19:47:01,081 [INFO] IPUIPlugin:80 - create IPUIPlugin
2025-09-09 19:47:01,081 [INFO] PluginManager:220 - loadIPPluginJar : add quadspi
2025-09-09 19:47:01,083 [INFO] IPUIPlugin:80 - create IPUIPlugin
2025-09-09 19:47:01,084 [INFO] PluginManager:220 - loadIPPluginJar : add radio
2025-09-09 19:47:01,088 [INFO] IPUIPlugin:80 - create IPUIPlugin
2025-09-09 19:47:01,088 [INFO] PluginManager:220 - loadIPPluginJar : add resmgrutility
2025-09-09 19:47:01,091 [INFO] IPUIPlugin:80 - create IPUIPlugin
2025-09-09 19:47:01,091 [INFO] PluginManager:220 - loadIPPluginJar : add sai
2025-09-09 19:47:01,094 [INFO] IPUIPlugin:80 - create IPUIPlugin
2025-09-09 19:47:01,094 [INFO] PluginManager:220 - loadIPPluginJar : add spi
2025-09-09 19:47:01,100 [INFO] IPUIPlugin:80 - create IPUIPlugin
2025-09-09 19:47:01,100 [INFO] PluginManager:220 - loadIPPluginJar : add stm32_wpan
2025-09-09 19:47:01,102 [INFO] IPUIPlugin:80 - create IPUIPlugin
2025-09-09 19:47:01,102 [INFO] PluginManager:220 - loadIPPluginJar : add tim
2025-09-09 19:47:01,105 [INFO] IPUIPlugin:80 - create IPUIPlugin
2025-09-09 19:47:01,106 [INFO] PluginManager:220 - loadIPPluginJar : add touchsensing
2025-09-09 19:47:01,108 [INFO] IPUIPlugin:80 - create IPUIPlugin
2025-09-09 19:47:01,108 [INFO] PluginManager:220 - loadIPPluginJar : add tracer_emb
2025-09-09 19:47:01,110 [INFO] IPUIPlugin:80 - create IPUIPlugin
2025-09-09 19:47:01,110 [INFO] PluginManager:220 - loadIPPluginJar : add ts
2025-09-09 19:47:01,112 [INFO] IPUIPlugin:80 - create IPUIPlugin
2025-09-09 19:47:01,112 [INFO] PluginManager:220 - loadIPPluginJar : add tsc
2025-09-09 19:47:01,114 [INFO] IPUIPlugin:80 - create IPUIPlugin
2025-09-09 19:47:01,114 [INFO] PluginManager:220 - loadIPPluginJar : add ucpd
2025-09-09 19:47:01,117 [INFO] IPUIPlugin:80 - create IPUIPlugin
2025-09-09 19:47:01,117 [INFO] PluginManager:220 - loadIPPluginJar : add usart
2025-09-09 19:47:01,120 [INFO] IPUIPlugin:80 - create IPUIPlugin
2025-09-09 19:47:01,120 [INFO] PluginManager:220 - loadIPPluginJar : add usbx
2025-09-09 19:47:01,282 [INFO] CADModel:165 - CPN selected for project level
2025-09-09 19:47:01,282 [INFO] CADModel:114 - Register for checkConnection events
2025-09-09 19:47:01,283 [FATAL] Updater:334 - Updater called before beeing initialized
2025-09-09 19:47:01,283 [ERROR] CADModel:125 - Updater not yet initialized, retry later 
2025-09-09 19:47:01,413 [INFO] CADModel:165 - CPN selected for project level
2025-09-09 19:47:01,413 [INFO] CADModel:114 - Register for checkConnection events
2025-09-09 19:47:01,413 [FATAL] Updater:334 - Updater called before beeing initialized
2025-09-09 19:47:01,413 [ERROR] CADModel:125 - Updater not yet initialized, retry later 
2025-09-09 19:47:01,416 [FATAL] Updater:334 - Updater called before beeing initialized
2025-09-09 19:47:01,569 [FATAL] Updater:334 - Updater called before beeing initialized
2025-09-09 19:47:01,574 [INFO] DbMcusAds:53 - JSON generation date=Tue Jul 08 10:14:23 CEST 2025 (1751962463593)
2025-09-09 19:47:01,574 [FATAL] Updater:334 - Updater called before beeing initialized
2025-09-09 19:47:01,613 [WARN] DetailPanel:346 - Failed to get advertising image, set to default
2025-09-09 19:47:01,720 [FATAL] Updater:334 - Updater called before beeing initialized
2025-09-09 19:47:01,722 [FATAL] Updater:334 - Updater called before beeing initialized
2025-09-09 19:47:01,722 [FATAL] Updater:334 - Updater called before beeing initialized
2025-09-09 19:47:01,722 [WARN] DetailPanel:346 - Failed to get advertising image, set to default
2025-09-09 19:47:01,723 [FATAL] Updater:334 - Updater called before beeing initialized
2025-09-09 19:47:01,806 [ERROR] Updater:1164 - MainUpdater not yet initialized. External WinMGr cannot be set.
2025-09-09 19:47:01,809 [INFO] Updater:1100 - Updater Version found : 6.12.1
2025-09-09 19:47:01,825 [INFO] ApplicationProperties:184 - Using Application install path: C:\ST\STM32CubeIDE_1.16.1\STM32CubeIDE\plugins\com.st.stm32cube.common.mx_6.12.1.202409122256
2025-09-09 19:47:03,299 [INFO] ThirdPartyUpdaterWithRetryManager:70 - Updater plugin not ready yet. [2/15]
2025-09-09 19:47:03,398 [ERROR] LogOutputStream:75 - [STDERR_REDIRECT] Sep 09, 2025 7:47:03 PM java.util.prefs.WindowsPreferences <init>
2025-09-09 19:47:03,401 [ERROR] LogOutputStream:75 - [STDERR_REDIRECT] WARNING: Could not open/create prefs root node Software\JavaSoft\Prefs at root 0xffffffff80000002. Windows RegCreateKeyEx(...) returned error code 5.
2025-09-09 19:47:03,401 [ERROR] LogOutputStream:75 - [STDERR_REDIRECT] 
2025-09-09 19:47:03,838 [INFO] MainUpdater:2873 - connection check result : 10
2025-09-09 19:47:03,839 [INFO] MainUpdater:290 - Updater Check For Update Now.
2025-09-09 19:47:03,839 [INFO] MicroXplorer:498 - Change Database Version : DB.6.0.121
2025-09-09 19:47:03,845 [INFO] McuFinderGlobals:63 - Set McuFinder mode to 2 (CubeIDE integrated)
2025-09-09 19:47:03,846 [INFO] UserAuth:417 - Internet connection configuration mode: 1
2025-09-09 19:47:03,859 [INFO] JxBrowserEngine:152 - Initiate JxBrowser Engine with user profile folder
2025-09-09 19:47:04,069 [INFO] CheckServerUpdateThread:120 - End of CheckServer Thread
2025-09-09 19:47:04,627 [INFO] WebApp:167 - Instantiating new browser for Auth
2025-09-09 19:47:05,574 [INFO] WebApp:448 - Apply proxy settings
2025-09-09 19:47:05,574 [INFO] WebApp:533 - Chromium requires no authentication
2025-09-09 19:47:05,582 [INFO] WebApp:476 - Direct internet connection detected
2025-09-09 19:47:05,607 [INFO] WebApp:869 - Register for checkConnection events
2025-09-09 19:47:05,607 [INFO] WebApp:448 - Apply proxy settings
2025-09-09 19:47:05,608 [INFO] WebApp:533 - Chromium requires no authentication
2025-09-09 19:47:05,608 [INFO] WebApp:476 - Direct internet connection detected
2025-09-09 19:47:05,796 [INFO] WebApp:220 - Starting web application
2025-09-09 19:47:05,797 [INFO] WebApp:578 - Web application path used C:\ST\STM32CubeIDE_1.16.1\STM32CubeIDE\plugins\com.st.stm32cube.common.mx_6.12.1.202409122256\db\plugins\mcufinder\reactClient1\index.html
2025-09-09 19:47:05,924 [INFO] UserAuth:417 - Internet connection configuration mode: 1
2025-09-09 19:47:06,233 [INFO] WebApp:186 - Connection restablished
2025-09-09 19:47:06,737 [WARN] PackLoader:240 - Cannot read IP mode file for STMicroelectronics.FP-SNS-MOTENVWB1.1.4.0
2025-09-09 19:47:06,746 [WARN] PackLoader:240 - Cannot read IP mode file for STMicroelectronics.FP-ATR-ASTRA1.2.0.2
2025-09-09 19:47:06,750 [WARN] PackLoader:240 - Cannot read IP mode file for STMicroelectronics.FP-ATR-ASTRA1.2.0.1
2025-09-09 19:47:06,761 [WARN] PackLoader:240 - Cannot read IP mode file for STMicroelectronics.X-CUBE-SMBUS.2.1.0
2025-09-09 19:47:06,772 [WARN] PackLoader:240 - Cannot read IP mode file for STMicroelectronics.X-CUBE-WB05N.1.1.0
2025-09-09 19:47:06,776 [ERROR] Engine:466 - C:\Users\wikto\.stm32cubemx\thirdparties\pdsc\STMicroelectronics.X-CUBE-ST60.1.0.0.pdsc: PDSC version is not supported
2025-09-09 19:47:06,829 [WARN] PackLoader:240 - Cannot read IP mode file for STMicroelectronics.X-CUBE-AZRTOS-F7.1.1.0
2025-09-09 19:47:06,907 [WARN] PackLoader:240 - Cannot read IP mode file for STMicroelectronics.X-CUBE-MEMS1.11.0.0
2025-09-09 19:47:07,126 [WARN] PackLoader:240 - Cannot read IP mode file for STMicroelectronics.FP-SNS-FLIGHT1.5.0.2
2025-09-09 19:47:07,191 [WARN] PackLoader:240 - Cannot read IP mode file for STMicroelectronics.X-CUBE-AZRTOS-H7.3.4.0
2025-09-09 19:47:07,201 [WARN] PackLoader:240 - Cannot read IP mode file for STMicroelectronics.X-CUBE-DISPLAY.3.0.0
2025-09-09 19:47:07,211 [WARN] PackLoader:240 - Cannot read IP mode file for STMicroelectronics.X-CUBE-BLE1.7.0.0
2025-09-09 19:47:07,217 [WARN] PackLoader:240 - Cannot read IP mode file for STMicroelectronics.X-CUBE-NFC10.1.0.0
2025-09-09 19:47:07,230 [WARN] PackLoader:240 - Cannot read IP mode file for STMicroelectronics.X-CUBE-BLEMGR.4.0.0
2025-09-09 19:47:07,254 [WARN] PackLoader:240 - Cannot read IP mode file for emotas.I-CUBE-CANOPEN.1.3.0
2025-09-09 19:47:07,263 [WARN] PackLoader:240 - Cannot read IP mode file for STMicroelectronics.X-CUBE-BLEMGR.3.1.0
2025-09-09 19:47:07,268 [WARN] PackLoader:240 - Cannot read IP mode file for STMicroelectronics.X-CUBE-AI.10.0.0
2025-09-09 19:47:07,272 [ERROR] Engine:466 - C:\Users\wikto\.stm32cubemx\thirdparties\pdsc\STMicroelectronics.FP-SNS-STBOX1.2.1.0.pdsc: PDSC version is not supported
2025-09-09 19:47:07,276 [WARN] PackLoader:240 - Cannot read IP mode file for STMicroelectronics.FP-SNS-SMARTAG2.1.2.0
2025-09-09 19:47:07,283 [ERROR] Engine:466 - C:\Users\wikto\.stm32cubemx\thirdparties\pdsc\STMicroelectronics.FP-SNS-FLIGHT1.5.1.0.pdsc: PDSC version is not supported
2025-09-09 19:47:07,339 [WARN] PackLoader:240 - Cannot read IP mode file for STMicroelectronics.X-CUBE-MEMS1.11.1.0
2025-09-09 19:47:07,526 [INFO] LogOutputStream:77 - [STDOUT_REDIRECT] 1 : Invalid condition id : UX_CORESTACK_Condition cause : null
2025-09-09 19:47:07,527 [INFO] LogOutputStream:77 - [STDOUT_REDIRECT] 1 : Invalid condition id : UX_CORESTACK_Condition cause : null
2025-09-09 19:47:07,528 [INFO] LogOutputStream:77 - [STDOUT_REDIRECT] 1 : Invalid condition id : UX_CORESTACK_Condition cause : null
2025-09-09 19:47:07,530 [INFO] LogOutputStream:77 - [STDOUT_REDIRECT] 1 : Invalid condition id : UX_CORESTACK_Condition cause : null
2025-09-09 19:47:07,531 [INFO] LogOutputStream:77 - [STDOUT_REDIRECT] 1 : Invalid condition id : UX_CORESTACK_Condition cause : null
2025-09-09 19:47:07,534 [WARN] PackLoader:240 - Cannot read IP mode file for STMicroelectronics.X-CUBE-AZRTOS-WL.2.0.0
2025-09-09 19:47:07,540 [WARN] PackLoader:240 - Cannot read IP mode file for STMicroelectronics.FP-SNS-MOTENV1.5.0.0
2025-09-09 19:47:07,545 [WARN] PackLoader:240 - Cannot read IP mode file for wolfSSL.I-CUBE-wolfMQTT.1.19.0
2025-09-09 19:47:07,554 [WARN] PackLoader:240 - Cannot read IP mode file for WES.I-CUBE-Cesium.1.3.0
2025-09-09 19:47:07,559 [WARN] PackLoader:240 - Cannot read IP mode file for STMicroelectronics.X-CUBE-BLE2.3.3.0
2025-09-09 19:47:07,565 [WARN] PackLoader:240 - Cannot read IP mode file for STMicroelectronics.X-CUBE-NFC9.1.0.0
2025-09-09 19:47:07,571 [WARN] PackLoader:240 - Cannot read IP mode file for STMicroelectronics.X-CUBE-BLE1.7.1.0
2025-09-09 19:47:07,606 [WARN] PackLoader:240 - Cannot read IP mode file for STMicroelectronics.X-CUBE-TCPP.4.1.0
2025-09-09 19:47:07,612 [WARN] PackLoader:240 - Cannot read IP mode file for STMicroelectronics.X-CUBE-EEPRMA1.5.2.0
2025-09-09 19:47:07,616 [WARN] PackLoader:240 - Cannot read IP mode file for STMicroelectronics.X-CUBE-AI.10.1.0
2025-09-09 19:47:07,682 [WARN] PackLoader:240 - Cannot read IP mode file for STMicroelectronics.X-CUBE-MEMS1.11.2.0
2025-09-09 19:47:07,846 [WARN] PackLoader:240 - Cannot read IP mode file for STMicroelectronics.X-CUBE-AZRTOS-G0.1.1.0
2025-09-09 19:47:07,854 [WARN] PackLoader:240 - Cannot read IP mode file for STMicroelectronics.X-CUBE-SAFEA1.1.2.2
2025-09-09 19:47:07,863 [WARN] PackLoader:240 - Cannot read IP mode file for STMicroelectronics.X-CUBE-NFC4.3.0.0
2025-09-09 19:47:07,876 [WARN] PackLoader:240 - Cannot read IP mode file for EmbeddedOffice.I-CUBE-FS-RTOS.1.0.1
2025-09-09 19:47:07,876 [ERROR] ConditionMgr:805 - Attr not supported : Dmpu
2025-09-09 19:47:07,876 [ERROR] ConditionMgr:805 - Attr not supported : Dmpu
2025-09-09 19:47:07,876 [ERROR] ConditionMgr:805 - Attr not supported : Dmpu
2025-09-09 19:47:07,876 [ERROR] ConditionMgr:805 - Attr not supported : Dmpu
2025-09-09 19:47:07,877 [ERROR] ConditionMgr:805 - Attr not supported : Dmpu
2025-09-09 19:47:07,877 [ERROR] ConditionMgr:805 - Attr not supported : Dmpu
2025-09-09 19:47:07,881 [ERROR] ConditionMgr:805 - Attr not supported : Dmpu
2025-09-09 19:47:07,892 [ERROR] ConditionMgr:805 - Attr not supported : Dmpu
2025-09-09 19:47:07,892 [ERROR] ConditionMgr:805 - Attr not supported : Dmpu
2025-09-09 19:47:07,892 [ERROR] ConditionMgr:805 - Attr not supported : Dmpu
2025-09-09 19:47:07,892 [ERROR] ConditionMgr:805 - Attr not supported : Dmpu
2025-09-09 19:47:07,893 [ERROR] ConditionMgr:805 - Attr not supported : Dmpu
2025-09-09 19:47:07,893 [ERROR] ConditionMgr:805 - Attr not supported : Dmpu
2025-09-09 19:47:07,893 [ERROR] ConditionMgr:805 - Attr not supported : Dmpu
2025-09-09 19:47:07,893 [ERROR] ConditionMgr:805 - Attr not supported : Dmpu
2025-09-09 19:47:07,893 [ERROR] ConditionMgr:805 - Attr not supported : Dmpu
2025-09-09 19:47:07,893 [ERROR] ConditionMgr:805 - Attr not supported : Dmpu
2025-09-09 19:47:07,893 [ERROR] ConditionMgr:805 - Attr not supported : Dmpu
2025-09-09 19:47:07,893 [ERROR] ConditionMgr:805 - Attr not supported : Dmpu
2025-09-09 19:47:07,893 [ERROR] ConditionMgr:805 - Attr not supported : Dmpu
2025-09-09 19:47:07,893 [ERROR] ConditionMgr:805 - Attr not supported : Dmpu
2025-09-09 19:47:07,893 [ERROR] ConditionMgr:805 - Attr not supported : Dmpu
2025-09-09 19:47:07,893 [ERROR] ConditionMgr:805 - Attr not supported : Dmpu
2025-09-09 19:47:07,893 [ERROR] ConditionMgr:805 - Attr not supported : Dmpu
2025-09-09 19:47:07,893 [ERROR] ConditionMgr:805 - Attr not supported : Dmpu
2025-09-09 19:47:07,893 [ERROR] ConditionMgr:805 - Attr not supported : Dmpu
2025-09-09 19:47:07,893 [ERROR] ConditionMgr:805 - Attr not supported : Dmpu
2025-09-09 19:47:07,893 [ERROR] ConditionMgr:805 - Attr not supported : Dmpu
2025-09-09 19:47:07,893 [ERROR] ConditionMgr:805 - Attr not supported : Dmpu
2025-09-09 19:47:07,893 [ERROR] ConditionMgr:805 - Attr not supported : Dmpu
2025-09-09 19:47:07,893 [ERROR] ConditionMgr:805 - Attr not supported : Dmpu
2025-09-09 19:47:07,893 [ERROR] ConditionMgr:805 - Attr not supported : Dmpu
2025-09-09 19:47:07,893 [ERROR] ConditionMgr:805 - Attr not supported : Dmpu
2025-09-09 19:47:07,893 [ERROR] ConditionMgr:805 - Attr not supported : Dmpu
2025-09-09 19:47:07,893 [ERROR] ConditionMgr:805 - Attr not supported : Dmpu
2025-09-09 19:47:07,894 [ERROR] ConditionMgr:805 - Attr not supported : Dmpu
2025-09-09 19:47:07,894 [ERROR] ConditionMgr:805 - Attr not supported : Dmpu
2025-09-09 19:47:07,894 [ERROR] ConditionMgr:805 - Attr not supported : Dmpu
2025-09-09 19:47:07,894 [ERROR] ConditionMgr:805 - Attr not supported : Dmpu
2025-09-09 19:47:07,894 [ERROR] ConditionMgr:805 - Attr not supported : Dmpu
2025-09-09 19:47:07,894 [ERROR] ConditionMgr:805 - Attr not supported : Dmpu
2025-09-09 19:47:07,894 [ERROR] ConditionMgr:805 - Attr not supported : Dmpu
2025-09-09 19:47:07,894 [ERROR] ConditionMgr:805 - Attr not supported : Dmpu
2025-09-09 19:47:07,894 [ERROR] ConditionMgr:805 - Attr not supported : Dmpu
2025-09-09 19:47:07,894 [ERROR] ConditionMgr:805 - Attr not supported : Dmpu
2025-09-09 19:47:07,894 [ERROR] ConditionMgr:805 - Attr not supported : Dmpu
2025-09-09 19:47:07,894 [ERROR] ConditionMgr:805 - Attr not supported : Dmpu
2025-09-09 19:47:07,894 [ERROR] ConditionMgr:805 - Attr not supported : Dmpu
2025-09-09 19:47:07,894 [ERROR] ConditionMgr:805 - Attr not supported : Dmpu
2025-09-09 19:47:07,894 [ERROR] ConditionMgr:805 - Attr not supported : Dmpu
2025-09-09 19:47:07,894 [ERROR] ConditionMgr:805 - Attr not supported : Dmpu
2025-09-09 19:47:07,894 [ERROR] ConditionMgr:805 - Attr not supported : Dmpu
2025-09-09 19:47:07,894 [ERROR] ConditionMgr:805 - Attr not supported : Dmpu
2025-09-09 19:47:07,895 [ERROR] ConditionMgr:805 - Attr not supported : Dmpu
2025-09-09 19:47:07,895 [ERROR] ConditionMgr:805 - Attr not supported : Dmpu
2025-09-09 19:47:07,895 [ERROR] ConditionMgr:805 - Attr not supported : Dmpu
2025-09-09 19:47:07,895 [ERROR] ConditionMgr:805 - Attr not supported : Dmpu
2025-09-09 19:47:07,895 [ERROR] ConditionMgr:805 - Attr not supported : Dmpu
2025-09-09 19:47:07,895 [ERROR] ConditionMgr:805 - Attr not supported : Dmpu
2025-09-09 19:47:07,895 [ERROR] ConditionMgr:805 - Attr not supported : Dmpu
2025-09-09 19:47:07,895 [ERROR] ConditionMgr:805 - Attr not supported : Dmpu
2025-09-09 19:47:07,895 [ERROR] ConditionMgr:805 - Attr not supported : Dmpu
2025-09-09 19:47:07,895 [ERROR] ConditionMgr:805 - Attr not supported : Dmpu
2025-09-09 19:47:07,895 [ERROR] ConditionMgr:805 - Attr not supported : Dmpu
2025-09-09 19:47:07,900 [WARN] PackLoader:240 - Cannot read IP mode file for STMicroelectronics.X-CUBE-WB05N.2.0.0
2025-09-09 19:47:07,904 [ERROR] Engine:466 - C:\Users\wikto\.stm32cubemx\thirdparties\pdsc\STMicroelectronics.X-CUBE-TCPP.4.2.0.pdsc: PDSC version is not supported
2025-09-09 19:47:07,920 [WARN] PackLoader:240 - Cannot read IP mode file for RealThread.X-CUBE-RT-Thread_Nano.4.1.1
2025-09-09 19:47:07,924 [WARN] PackLoader:240 - Cannot read IP mode file for STMicroelectronics.FP-ATR-SIGFOX1.3.2.0
2025-09-09 19:47:07,928 [WARN] ConditionMgr:438 - getConditionDescription Invalid condition id : Cortex-A Device cause : null
2025-09-09 19:47:07,968 [WARN] ConditionMgr:1039 - genDependencies : Invalid condition id : Cortex-A Device cause : null
2025-09-09 19:47:07,968 [WARN] ConditionMgr:1039 - genDependencies : Invalid condition id : Cortex-A Device cause : null
2025-09-09 19:47:07,969 [WARN] ConditionMgr:1039 - genDependencies : Invalid condition id : Cortex-A Device cause : null
2025-09-09 19:47:07,974 [WARN] PackLoader:240 - Cannot read IP mode file for STMicroelectronics.X-CUBE-EEPRMA1.5.1.0
2025-09-09 19:47:07,980 [WARN] PackLoader:240 - Cannot read IP mode file for wolfSSL.I-CUBE-wolfSSL.5.7.4
2025-09-09 19:47:07,996 [WARN] PackLoader:240 - Cannot read IP mode file for ITTIA_DB.I-CUBE-ITTIADB.8.9.0
2025-09-09 19:47:07,999 [ERROR] Engine:466 - C:\Users\wikto\.stm32cubemx\thirdparties\pdsc\STMicroelectronics.X-CUBE-ST67W61.1.0.0.pdsc: PDSC version is not supported
2025-09-09 19:47:08,002 [WARN] PackLoader:240 - Cannot read IP mode file for STMicroelectronics.X-CUBE-AI.10.2.0
2025-09-09 19:47:08,033 [WARN] PackLoader:240 - Cannot read IP mode file for SEGGER.I-CUBE-embOS.1.3.1
2025-09-09 19:47:08,076 [WARN] PackLoader:240 - Cannot read IP mode file for STMicroelectronics.X-CUBE-ALGOBUILD.1.4.0
2025-09-09 19:47:08,151 [WARN] PackLoader:240 - Cannot read IP mode file for STMicroelectronics.X-CUBE-MEMS1.11.3.0
2025-09-09 19:47:08,280 [WARN] PackLoader:240 - Cannot read IP mode file for STMicroelectronics.X-CUBE-AI.9.1.0
2025-09-09 19:47:08,284 [WARN] PackLoader:240 - Cannot read IP mode file for STMicroelectronics.X-CUBE-PM33A1.1.0.0
2025-09-09 19:47:08,298 [WARN] PackLoader:240 - Cannot read IP mode file for STMicroelectronics.X-CUBE-AZRTOS-F4.1.1.0
2025-09-09 19:47:08,302 [ERROR] Engine:466 - C:\Users\wikto\.stm32cubemx\thirdparties\pdsc\Avnet-IotConnect.X-CUBE-IoTC-DA16k-PMOD.1.0.0.pdsc: PDSC version is not supported
2025-09-09 19:47:08,307 [WARN] PackLoader:240 - Cannot read IP mode file for STMicroelectronics.X-CUBE-ISPU.2.1.0
2025-09-09 19:47:08,312 [WARN] PackLoader:240 - Cannot read IP mode file for STMicroelectronics.X-CUBE-FREERTOS.1.2.0
2025-09-09 19:47:08,318 [WARN] PackLoader:240 - Cannot read IP mode file for STMicroelectronics.X-CUBE-NFC12.1.0.0
2025-09-09 19:47:08,334 [WARN] PackLoader:240 - Cannot read IP mode file for STMicroelectronics.X-CUBE-AZRTOS-L5.2.0.0
2025-09-09 19:47:08,342 [WARN] PackLoader:240 - Cannot read IP mode file for STMicroelectronics.X-CUBE-NFC6.3.1.0
2025-09-09 19:47:08,358 [WARN] PackLoader:240 - Cannot read IP mode file for STMicroelectronics.X-CUBE-DPower.1.2.0
2025-09-09 19:47:08,362 [WARN] PackLoader:240 - Cannot read IP mode file for STMicroelectronics.X-CUBE-FREERTOS.1.3.1
2025-09-09 19:47:08,367 [WARN] PackLoader:240 - Cannot read IP mode file for STMicroelectronics.X-CUBE-FREERTOS.1.3.0
2025-09-09 19:47:08,372 [WARN] PackLoader:240 - Cannot read IP mode file for STMicroelectronics.X-CUBE-NFC7.1.0.1
2025-09-09 19:47:08,374 [ERROR] Engine:466 - C:\Users\wikto\.stm32cubemx\thirdparties\pdsc\STMicroelectronics.FP-SNS-STAIOTCFT.1.0.0.pdsc: PDSC version is not supported
2025-09-09 19:47:08,378 [WARN] PackLoader:240 - Cannot read IP mode file for STMicroelectronics.X-CUBE-DPower.1.3.0
2025-09-09 19:47:08,412 [WARN] ConditionMgr:438 - getConditionDescription Invalid condition id : LAN8742 Phy interface Condition cause : null
2025-09-09 19:47:08,413 [WARN] PackLoader:240 - Cannot read IP mode file for STMicroelectronics.X-CUBE-AZRTOS-L4.2.0.0
2025-09-09 19:47:08,414 [WARN] ConditionMgr:1039 - genDependencies : Invalid condition id : LAN8742 Phy interface Condition cause : null
2025-09-09 19:47:08,415 [WARN] ConditionMgr:1039 - genDependencies : Invalid condition id : LAN8742 Phy interface Condition cause : null
2025-09-09 19:47:08,415 [WARN] ConditionMgr:1039 - genDependencies : Invalid condition id : LAN8742 Phy interface Condition cause : null
2025-09-09 19:47:08,424 [WARN] PackLoader:240 - Cannot read IP mode file for STMicroelectronics.X-CUBE-SFXS2LP1.4.0.0
2025-09-09 19:47:08,447 [WARN] PackLoader:240 - Cannot read IP mode file for STMicroelectronics.X-CUBE-AZRTOS-H7.3.3.0
2025-09-09 19:47:08,462 [ERROR] Engine:466 - C:\Users\wikto\.stm32cubemx\thirdparties\pdsc\STMicroelectronics.X-CUBE-BLEMGR.4.1.0.pdsc: PDSC version is not supported
2025-09-09 19:47:08,472 [WARN] PackLoader:240 - Cannot read IP mode file for STMicroelectronics.X-CUBE-IPS.3.0.0
2025-09-09 19:47:08,547 [WARN] ConditionMgr:438 - getConditionDescription Invalid condition id : UX DEVICE CLASS RTOS Condition cause : null
2025-09-09 19:47:08,547 [WARN] ConditionMgr:438 - getConditionDescription Invalid condition id : UX DEVICE CLASS RTOS Condition cause : null
2025-09-09 19:47:08,550 [WARN] PackLoader:240 - Cannot read IP mode file for STMicroelectronics.X-CUBE-AZRTOS-WB.2.0.0
2025-09-09 19:47:08,556 [WARN] ConditionMgr:1039 - genDependencies : Invalid condition id : UX DEVICE CLASS RTOS Condition cause : null
2025-09-09 19:47:08,556 [WARN] ConditionMgr:1039 - genDependencies : Invalid condition id : UX DEVICE CLASS RTOS Condition cause : null
2025-09-09 19:47:08,557 [WARN] ConditionMgr:1039 - genDependencies : Invalid condition id : UX DEVICE CLASS RTOS Condition cause : null
2025-09-09 19:47:08,557 [WARN] ConditionMgr:1039 - genDependencies : Invalid condition id : UX DEVICE CLASS RTOS Condition cause : null
2025-09-09 19:47:08,557 [WARN] ConditionMgr:1039 - genDependencies : Invalid condition id : UX DEVICE CLASS RTOS Condition cause : null
2025-09-09 19:47:08,576 [WARN] PackLoader:240 - Cannot read IP mode file for STMicroelectronics.X-CUBE-GNSS1.7.0.0
2025-09-09 19:47:08,580 [WARN] PackLoader:240 - Cannot read IP mode file for STMicroelectronics.X-CUBE-GNSS1.7.0.1
2025-09-09 19:47:08,586 [WARN] PackLoader:240 - Cannot read IP mode file for STMicroelectronics.X-CUBE-TOUCHGFX.4.25.0
2025-09-09 19:47:08,595 [WARN] PackLoader:240 - Cannot read IP mode file for STMicroelectronics.FP-SNS-STBOX1.2.0.0
2025-09-09 19:47:08,606 [WARN] PackLoader:240 - Cannot read IP mode file for STMicroelectronics.X-CUBE-SUBG2.5.0.0
2025-09-09 19:47:08,627 [WARN] PackLoader:240 - Cannot read IP mode file for STMicroelectronics.X-CUBE-AZRTOS-H7RS.1.1.0
2025-09-09 19:47:08,633 [WARN] PackLoader:240 - Cannot read IP mode file for Cesanta.I-CUBE-Mongoose.7.13.0
2025-09-09 19:47:08,645 [WARN] PackLoader:240 - Cannot read IP mode file for STMicroelectronics.X-CUBE-AZRTOS-G4.2.0.0
2025-09-09 19:47:08,650 [WARN] PackLoader:240 - Cannot read IP mode file for STMicroelectronics.X-CUBE-NFC7.2.0.0
2025-09-09 19:47:08,655 [ERROR] Engine:466 - C:\Users\wikto\.stm32cubemx\thirdparties\pdsc\STMicroelectronics.X-CUBE-IPS.3.1.0.pdsc: PDSC version is not supported
2025-09-09 19:47:08,683 [WARN] PackLoader:240 - Cannot read IP mode file for STMicroelectronics.X-CUBE-ALS.1.0.2
2025-09-09 19:47:08,688 [WARN] PackLoader:240 - Cannot read IP mode file for STMicroelectronics.X-CUBE-TOUCHGFX.4.24.2
2025-09-09 19:47:08,691 [WARN] PackLoader:240 - Cannot read IP mode file for STMicroelectronics.X-CUBE-TOUCHGFX.4.24.1
2025-09-09 19:47:08,720 [WARN] PackLoader:240 - Cannot read IP mode file for STMicroelectronics.X-CUBE-STSE01.1.0.0
2025-09-09 19:47:08,725 [WARN] PackLoader:240 - Cannot read IP mode file for wolfSSL.I-CUBE-wolfTPM.3.4.0
2025-09-09 19:47:08,730 [WARN] PackLoader:240 - Cannot read IP mode file for portGmbH.I-Cube-SoM-uGOAL.1.1.0
2025-09-09 19:47:08,746 [WARN] PackLoader:240 - Cannot read IP mode file for STMicroelectronics.X-CUBE-AZRTOS-H7RS.1.0.0
2025-09-09 19:47:08,758 [WARN] PackLoader:240 - Cannot read IP mode file for STMicroelectronics.X-CUBE-TOF1.3.4.2
2025-09-09 19:47:08,770 [ERROR] Engine:466 - C:\Users\wikto\.stm32cubemx\thirdparties\pdsc\STMicroelectronics.X-CUBE-TOF1.3.4.3.pdsc: PDSC version is not supported
2025-09-09 19:47:08,801 [WARN] PackLoader:240 - Cannot read IP mode file for Infineon.AIROC-Wi-Fi-Bluetooth-STM32.1.6.1
2025-09-09 19:47:08,809 [WARN] PackLoader:240 - Cannot read IP mode file for wolfSSL.I-CUBE-wolfSSH.1.4.17
2025-09-09 19:47:08,810 [INFO] ThirdParty:978 - Integrity check success = true
2025-09-09 19:47:08,810 [INFO] IntegrityCheckThread:100 - exiting critical section [integrity check]
2025-09-09 19:47:08,810 [INFO] IntegrityCheckThread:103 - End integrity checks thread
2025-09-09 19:47:48,724 [ERROR] LogOutputStream:75 - [STDERR_REDIRECT] 
2025-09-09 19:47:48,725 [ERROR] LogOutputStream:75 - [STDERR_REDIRECT] 
2025-09-09 19:47:55,027 [INFO] Activator:176 - 


2025-09-09 19:47:55,030 [INFO] Activator:177 - !SESSION log4j initialized
2025-09-09 19:47:58,011 [INFO] LogOutputStream:77 - [STDOUT_REDIRECT] 
2025-09-09 19:48:04,742 [INFO] ApplicationProperties:184 - Using Application install path: C:\ST\STM32CubeIDE_1.16.1\STM32CubeIDE\plugins\com.st.stm32cube.common.mx_6.12.1.202409122256
2025-09-09 19:48:04,761 [INFO] DbMcusXml:78 - Set database path to: C:\ST\STM32CubeIDE_1.16.1\STM32CubeIDE\plugins\com.st.stm32cube.common.mx_6.12.1.202409122256\\db\/mcu/
2025-09-09 19:48:04,761 [INFO] ApiDb:274 - Set plugin database path to: C:\ST\STM32CubeIDE_1.16.1\STM32CubeIDE\plugins\com.st.stm32cube.common.mx_6.12.1.202409122256\\db\/plugins/boardmanager/
2025-09-09 19:48:04,761 [WARN] ApiDb:259 - Overriding images path with different value:  => C:\ST\STM32CubeIDE_1.16.1\STM32CubeIDE\plugins\com.st.stm32cube.common.mx_6.12.1.202409122256\\db\/plugins/mcufinder/images/
2025-09-09 19:48:04,768 [INFO] ApiDb:250 - Set database path to: C:\Users\wikto\.stmcufinder\plugins\mcufinder//mcu/
2025-09-09 19:48:04,769 [INFO] DbMcusAds:125 - Set database path to: C:\Users\wikto\.stmcufinder\plugins\mcufinder//mcu/
2025-09-09 19:48:04,771 [INFO] CrossReferenceDbSqlite:203 - Set database path to: C:\Users\wikto\.stmcufinder\plugins\mcufinder//mcu/cs/
2025-09-09 19:48:04,897 [INFO] RulesReader:64 - Compatibility file has been processed (297 Rules)
2025-09-09 19:48:05,008 [INFO] DbMcusXml:78 - Set database path to: C:\ST\STM32CubeIDE_1.16.1\STM32CubeIDE\plugins\com.st.stm32cube.common.mx_6.12.1.202409122256\\db\/mcu/
2025-09-09 19:48:05,008 [INFO] ApiDb:274 - Set plugin database path to: C:\ST\STM32CubeIDE_1.16.1\STM32CubeIDE\plugins\com.st.stm32cube.common.mx_6.12.1.202409122256\\db\/plugins/boardmanager/
2025-09-09 19:48:05,009 [INFO] ApiDb:261 - Set plugin images path to: C:\ST\STM32CubeIDE_1.16.1\STM32CubeIDE\plugins\com.st.stm32cube.common.mx_6.12.1.202409122256\\db\/plugins/mcufinder/images/
2025-09-09 19:48:05,009 [WARN] DbFile:41 - Overriding database path with different value: C:\Users\wikto\.stmcufinder\plugins\mcufinder/ => C:\Users\wikto\.stmcufinder\plugins\mcufinder
2025-09-09 19:48:05,009 [INFO] ApiDb:250 - Set database path to: C:\Users\wikto\.stmcufinder\plugins\mcufinder//mcu/
2025-09-09 19:48:05,009 [WARN] DbFile:41 - Overriding database path with different value: C:\Users\wikto\.stmcufinder\plugins\mcufinder/ => C:\Users\wikto\.stmcufinder\plugins\mcufinder
2025-09-09 19:48:05,009 [INFO] DbMcusAds:125 - Set database path to: C:\Users\wikto\.stmcufinder\plugins\mcufinder//mcu/
2025-09-09 19:48:05,009 [WARN] DbFile:41 - Overriding database path with different value: C:\Users\wikto\.stmcufinder\plugins\mcufinder/ => C:\Users\wikto\.stmcufinder\plugins\mcufinder
2025-09-09 19:48:05,009 [WARN] DbFile:41 - Overriding database path with different value: C:\Users\wikto\.stmcufinder\plugins\mcufinder/ => C:\Users\wikto\.stmcufinder\plugins\mcufinder
2025-09-09 19:48:05,009 [INFO] CrossReferenceDbSqlite:203 - Set database path to: C:\Users\wikto\.stmcufinder\plugins\mcufinder//mcu/cs/
2025-09-09 19:48:05,091 [INFO] MainPanel:268 - HeapMemory: 268435456
2025-09-09 19:48:05,170 [INFO] DbMcusXml:78 - Set database path to: C:\ST\STM32CubeIDE_1.16.1\STM32CubeIDE\plugins\com.st.stm32cube.common.mx_6.12.1.202409122256\\db\/mcu/
2025-09-09 19:48:05,170 [INFO] ApiDb:274 - Set plugin database path to: C:\ST\STM32CubeIDE_1.16.1\STM32CubeIDE\plugins\com.st.stm32cube.common.mx_6.12.1.202409122256\\db\/plugins/boardmanager/
2025-09-09 19:48:05,170 [INFO] ApiDb:261 - Set plugin images path to: C:\ST\STM32CubeIDE_1.16.1\STM32CubeIDE\plugins\com.st.stm32cube.common.mx_6.12.1.202409122256\\db\/plugins/mcufinder/images/
2025-09-09 19:48:05,171 [WARN] DbFile:41 - Overriding database path with different value: C:\Users\wikto\.stmcufinder\plugins\mcufinder/ => C:\Users\wikto\.stmcufinder\plugins\mcufinder
2025-09-09 19:48:05,171 [INFO] ApiDb:250 - Set database path to: C:\Users\wikto\.stmcufinder\plugins\mcufinder//mcu/
2025-09-09 19:48:05,171 [WARN] DbFile:41 - Overriding database path with different value: C:\Users\wikto\.stmcufinder\plugins\mcufinder/ => C:\Users\wikto\.stmcufinder\plugins\mcufinder
2025-09-09 19:48:05,171 [INFO] DbMcusAds:125 - Set database path to: C:\Users\wikto\.stmcufinder\plugins\mcufinder//mcu/
2025-09-09 19:48:05,171 [WARN] DbFile:41 - Overriding database path with different value: C:\Users\wikto\.stmcufinder\plugins\mcufinder/ => C:\Users\wikto\.stmcufinder\plugins\mcufinder
2025-09-09 19:48:05,171 [WARN] DbFile:41 - Overriding database path with different value: C:\Users\wikto\.stmcufinder\plugins\mcufinder/ => C:\Users\wikto\.stmcufinder\plugins\mcufinder
2025-09-09 19:48:05,171 [INFO] CrossReferenceDbSqlite:203 - Set database path to: C:\Users\wikto\.stmcufinder\plugins\mcufinder//mcu/cs/
2025-09-09 19:48:05,196 [INFO] ApplicationProperties:184 - Using Application install path: C:\ST\STM32CubeIDE_1.16.1\STM32CubeIDE\plugins\com.st.stm32cube.common.mx_6.12.1.202409122256
2025-09-09 19:48:05,198 [INFO] PluginManage:196 - Search for loadable plugins [exclusion list=, ]
2025-09-09 19:48:05,200 [INFO] PluginManage:310 - Check plugin analytics
